2023-10-14 08:07:57.600  INFO 11116 --- [main] api.controller.StudentControllerTests    : Starting StudentControllerTests using Java 17.0.7 on DESKTOP-LU018AM with PID 11116 (started by joel in C:\Users\joel\Documents\GitHub\spring-boot-jwt)
2023-10-14 08:07:57.614  INFO 11116 --- [main] api.controller.StudentControllerTests    : No active profile set, falling back to default profiles: default
2023-10-14 08:07:59.846  INFO 11116 --- [main] .s.d.r.c.RepositoryConfigurationDelegate : Bootstrapping Spring Data JPA repositories in DEFAULT mode.
2023-10-14 08:08:00.020  INFO 11116 --- [main] .s.d.r.c.RepositoryConfigurationDelegate : Finished Spring Data repository scanning in 156 ms. Found 6 JPA repository interfaces.
2023-10-14 08:08:00.297  INFO 11116 --- [main] beddedDataSourceBeanFactoryPostProcessor : Replacing 'dataSource' DataSource bean with embedded version
2023-10-14 08:08:01.894  INFO 11116 --- [main] trationDelegate$BeanPostProcessorChecker : Bean 'org.springframework.security.access.expression.method.DefaultMethodSecurityExpressionHandler@8383a14' of type [org.springframework.security.access.expression.method.DefaultMethodSecurityExpressionHandler] is not eligible for getting processed by all BeanPostProcessors (for example: not eligible for auto-proxying)
2023-10-14 08:08:01.917  INFO 11116 --- [main] trationDelegate$BeanPostProcessorChecker : Bean 'methodSecurityMetadataSource' of type [org.springframework.security.access.method.DelegatingMethodSecurityMetadataSource] is not eligible for getting processed by all BeanPostProcessors (for example: not eligible for auto-proxying)
2023-10-14 08:08:02.121  INFO 11116 --- [main] o.s.j.d.e.EmbeddedDatabaseFactory        : Starting embedded database: url='jdbc:h2:mem:0fa86571-58d5-4ffb-8eac-90877386d6d1;DB_CLOSE_DELAY=-1;DB_CLOSE_ON_EXIT=false', username='sa'
2023-10-14 08:08:02.667  INFO 11116 --- [main] o.hibernate.jpa.internal.util.LogHelper  : HHH000204: Processing PersistenceUnitInfo [name: default]
2023-10-14 08:08:02.828  INFO 11116 --- [main] org.hibernate.Version                    : HHH000412: Hibernate ORM core version 5.4.32.Final
2023-10-14 08:08:02.947  INFO 11116 --- [main] o.hibernate.annotations.common.Version   : HCANN000001: Hibernate Commons Annotations {5.1.2.Final}
2023-10-14 08:08:03.193  INFO 11116 --- [main] org.hibernate.dialect.Dialect            : HHH000400: Using dialect: org.hibernate.dialect.H2Dialect
2023-10-14 08:08:04.271  INFO 11116 --- [main] o.h.e.t.j.p.i.JtaPlatformInitiator       : HHH000490: Using JtaPlatform implementation: [org.hibernate.engine.transaction.jta.platform.internal.NoJtaPlatform]
2023-10-14 08:08:04.287  INFO 11116 --- [main] j.LocalContainerEntityManagerFactoryBean : Initialized JPA EntityManagerFactory for persistence unit 'default'
2023-10-14 08:08:06.280  INFO 11116 --- [main] o.s.b.a.h2.H2ConsoleAutoConfiguration    : H2 console available at '/h2-console'. Database available at 'jdbc:h2:mem:0fa86571-58d5-4ffb-8eac-90877386d6d1'
2023-10-14 08:08:06.654  INFO 11116 --- [main] pertySourcedRequestMappingHandlerMapping : Mapped URL path [/v2/api-docs] onto method [springfox.documentation.swagger2.web.Swagger2Controller#getDocumentation(String, HttpServletRequest)]
2023-10-14 08:08:07.203  INFO 11116 --- [main] o.s.s.web.DefaultSecurityFilterChain     : Will secure any request with [org.springframework.security.web.context.request.async.WebAsyncManagerIntegrationFilter@34de8c9f, org.springframework.security.web.context.SecurityContextPersistenceFilter@304933cb, org.springframework.security.web.header.HeaderWriterFilter@6c37c36, org.springframework.web.filter.CorsFilter@137a70f1, org.springframework.security.web.authentication.logout.LogoutFilter@17e323fd, api.security.JwtTokenFilter@5f1bd673, org.springframework.security.web.savedrequest.RequestCacheAwareFilter@4d1f6e1c, org.springframework.security.web.servletapi.SecurityContextHolderAwareRequestFilter@3431cb1f, org.springframework.security.web.authentication.AnonymousAuthenticationFilter@54351197, org.springframework.security.web.session.SessionManagementFilter@333e01c6, org.springframework.security.web.access.ExceptionTranslationFilter@6a2b6031, org.springframework.security.web.access.intercept.FilterSecurityInterceptor@6a94bd69]
2023-10-14 08:08:08.102  INFO 11116 --- [main] o.s.b.t.m.w.SpringBootMockServletContext : Initializing Spring TestDispatcherServlet ''
2023-10-14 08:08:08.103  INFO 11116 --- [main] o.s.t.web.servlet.TestDispatcherServlet  : Initializing Servlet ''
2023-10-14 08:08:08.105  INFO 11116 --- [main] o.s.t.web.servlet.TestDispatcherServlet  : Completed initialization in 2 ms
2023-10-14 08:08:08.132  INFO 11116 --- [main] d.s.w.p.DocumentationPluginsBootstrapper : Context refreshed
2023-10-14 08:08:08.167  INFO 11116 --- [main] d.s.w.p.DocumentationPluginsBootstrapper : Found 1 custom documentation plugin(s)
2023-10-14 08:08:08.213  INFO 11116 --- [main] s.d.s.w.s.ApiListingReferenceScanner     : Scanning for api listing references
2023-10-14 08:08:08.500  INFO 11116 --- [main] .d.s.w.r.o.CachingOperationNameGenerator : Generating unique operation named: createUsingPOST_1
2023-10-14 08:08:08.612  INFO 11116 --- [main] api.controller.StudentControllerTests    : Started StudentControllerTests in 11.722 seconds (JVM running for 14.351)
2023-10-14 08:08:08.665  INFO 11116 --- [main] j.LocalContainerEntityManagerFactoryBean : Closing JPA EntityManagerFactory for persistence unit 'default'
2023-10-14 08:08:08.735  INFO 11116 --- [main] api.controller.StudentControllerTests    : Starting StudentControllerTests using Java 17.0.7 on DESKTOP-LU018AM with PID 11116 (started by joel in C:\Users\joel\Documents\GitHub\spring-boot-jwt)
2023-10-14 08:08:08.736  INFO 11116 --- [main] api.controller.StudentControllerTests    : No active profile set, falling back to default profiles: default
2023-10-14 08:08:09.313  INFO 11116 --- [main] .s.d.r.c.RepositoryConfigurationDelegate : Bootstrapping Spring Data JPA repositories in DEFAULT mode.
2023-10-14 08:08:09.364  INFO 11116 --- [main] .s.d.r.c.RepositoryConfigurationDelegate : Finished Spring Data repository scanning in 50 ms. Found 6 JPA repository interfaces.
2023-10-14 08:08:09.434  INFO 11116 --- [main] beddedDataSourceBeanFactoryPostProcessor : Replacing 'dataSource' DataSource bean with embedded version
2023-10-14 08:08:09.565  INFO 11116 --- [main] trationDelegate$BeanPostProcessorChecker : Bean 'org.springframework.security.access.expression.method.DefaultMethodSecurityExpressionHandler@3c9e169f' of type [org.springframework.security.access.expression.method.DefaultMethodSecurityExpressionHandler] is not eligible for getting processed by all BeanPostProcessors (for example: not eligible for auto-proxying)
2023-10-14 08:08:09.579  INFO 11116 --- [main] trationDelegate$BeanPostProcessorChecker : Bean 'methodSecurityMetadataSource' of type [org.springframework.security.access.method.DelegatingMethodSecurityMetadataSource] is not eligible for getting processed by all BeanPostProcessors (for example: not eligible for auto-proxying)
2023-10-14 08:08:09.611  INFO 11116 --- [main] o.s.j.d.e.EmbeddedDatabaseFactory        : Starting embedded database: url='jdbc:h2:mem:2743f60b-a8a6-4ff6-ac72-d4eecc42620d;DB_CLOSE_DELAY=-1;DB_CLOSE_ON_EXIT=false', username='sa'
2023-10-14 08:08:09.691  INFO 11116 --- [main] o.hibernate.jpa.internal.util.LogHelper  : HHH000204: Processing PersistenceUnitInfo [name: default]
2023-10-14 08:08:09.701  INFO 11116 --- [main] org.hibernate.dialect.Dialect            : HHH000400: Using dialect: org.hibernate.dialect.H2Dialect
2023-10-14 08:08:09.991  INFO 11116 --- [main] o.h.e.t.j.p.i.JtaPlatformInitiator       : HHH000490: Using JtaPlatform implementation: [org.hibernate.engine.transaction.jta.platform.internal.NoJtaPlatform]
2023-10-14 08:08:09.994  INFO 11116 --- [main] j.LocalContainerEntityManagerFactoryBean : Initialized JPA EntityManagerFactory for persistence unit 'default'
2023-10-14 08:08:10.768  INFO 11116 --- [main] o.s.b.a.h2.H2ConsoleAutoConfiguration    : H2 console available at '/h2-console'. Database available at 'jdbc:h2:mem:2743f60b-a8a6-4ff6-ac72-d4eecc42620d'
2023-10-14 08:08:10.942  INFO 11116 --- [main] pertySourcedRequestMappingHandlerMapping : Mapped URL path [/v2/api-docs] onto method [springfox.documentation.swagger2.web.Swagger2Controller#getDocumentation(String, HttpServletRequest)]
2023-10-14 08:08:12.205  INFO 11116 --- [main] o.s.s.web.DefaultSecurityFilterChain     : Will secure any request with [org.springframework.security.web.context.request.async.WebAsyncManagerIntegrationFilter@14c5625d, org.springframework.security.web.context.SecurityContextPersistenceFilter@7b159d1b, org.springframework.security.web.header.HeaderWriterFilter@21c8dd3e, org.springframework.web.filter.CorsFilter@41737438, org.springframework.security.web.authentication.logout.LogoutFilter@26c9225a, api.security.JwtTokenFilter@119b837, org.springframework.security.web.savedrequest.RequestCacheAwareFilter@247246ea, org.springframework.security.web.servletapi.SecurityContextHolderAwareRequestFilter@43b45e77, org.springframework.security.web.authentication.AnonymousAuthenticationFilter@2acacdf, org.springframework.security.web.session.SessionManagementFilter@585d570e, org.springframework.security.web.access.ExceptionTranslationFilter@31b846f, org.springframework.security.web.access.intercept.FilterSecurityInterceptor@2ce5ea69]
2023-10-14 08:08:13.081  INFO 11116 --- [main] o.s.b.t.m.w.SpringBootMockServletContext : Initializing Spring TestDispatcherServlet ''
2023-10-14 08:08:13.082  INFO 11116 --- [main] o.s.t.web.servlet.TestDispatcherServlet  : Initializing Servlet ''
2023-10-14 08:08:13.084  INFO 11116 --- [main] o.s.t.web.servlet.TestDispatcherServlet  : Completed initialization in 1 ms
2023-10-14 08:08:13.096  INFO 11116 --- [main] d.s.w.p.DocumentationPluginsBootstrapper : Context refreshed
2023-10-14 08:08:13.097  INFO 11116 --- [main] d.s.w.p.DocumentationPluginsBootstrapper : Found 1 custom documentation plugin(s)
2023-10-14 08:08:13.106  INFO 11116 --- [main] s.d.s.w.s.ApiListingReferenceScanner     : Scanning for api listing references
2023-10-14 08:08:13.155  INFO 11116 --- [main] .d.s.w.r.o.CachingOperationNameGenerator : Generating unique operation named: createUsingPOST_1
2023-10-14 08:08:13.206  INFO 11116 --- [main] api.controller.StudentControllerTests    : Started StudentControllerTests in 4.534 seconds (JVM running for 18.944)
2023-10-14 08:08:14.935  INFO 11116 --- [SpringApplicationShutdownHook] j.LocalContainerEntityManagerFactoryBean : Closing JPA EntityManagerFactory for persistence unit 'default'
2023-10-14 17:32:31.572  INFO 1100 --- [main] api.service.UserServiceTests             : Starting UserServiceTests using Java 17.0.7 on DESKTOP-LU018AM with PID 1100 (started by joel in C:\Users\joel\Documents\GitHub\spring-boot-jwt)
2023-10-14 17:32:31.578  INFO 1100 --- [main] api.service.UserServiceTests             : No active profile set, falling back to default profiles: default
2023-10-14 17:32:34.250  INFO 1100 --- [main] .s.d.r.c.RepositoryConfigurationDelegate : Bootstrapping Spring Data JPA repositories in DEFAULT mode.
2023-10-14 17:32:34.503  INFO 1100 --- [main] .s.d.r.c.RepositoryConfigurationDelegate : Finished Spring Data repository scanning in 233 ms. Found 6 JPA repository interfaces.
2023-10-14 17:32:36.372  INFO 1100 --- [main] trationDelegate$BeanPostProcessorChecker : Bean 'org.springframework.security.access.expression.method.DefaultMethodSecurityExpressionHandler@5eeee124' of type [org.springframework.security.access.expression.method.DefaultMethodSecurityExpressionHandler] is not eligible for getting processed by all BeanPostProcessors (for example: not eligible for auto-proxying)
2023-10-14 17:32:36.403  INFO 1100 --- [main] trationDelegate$BeanPostProcessorChecker : Bean 'methodSecurityMetadataSource' of type [org.springframework.security.access.method.DelegatingMethodSecurityMetadataSource] is not eligible for getting processed by all BeanPostProcessors (for example: not eligible for auto-proxying)
2023-10-14 17:32:36.933  INFO 1100 --- [main] o.hibernate.jpa.internal.util.LogHelper  : HHH000204: Processing PersistenceUnitInfo [name: default]
2023-10-14 17:32:37.084  INFO 1100 --- [main] org.hibernate.Version                    : HHH000412: Hibernate ORM core version 5.4.32.Final
2023-10-14 17:32:37.182  INFO 1100 --- [main] o.hibernate.annotations.common.Version   : HCANN000001: Hibernate Commons Annotations {5.1.2.Final}
2023-10-14 17:32:37.620  INFO 1100 --- [main] com.zaxxer.hikari.HikariDataSource       : HikariPool-1 - Starting...
2023-10-14 17:32:38.007  INFO 1100 --- [main] com.zaxxer.hikari.HikariDataSource       : HikariPool-1 - Start completed.
2023-10-14 17:32:38.053  INFO 1100 --- [main] org.hibernate.dialect.Dialect            : HHH000400: Using dialect: org.hibernate.dialect.H2Dialect
2023-10-14 17:32:39.257  INFO 1100 --- [main] o.h.e.t.j.p.i.JtaPlatformInitiator       : HHH000490: Using JtaPlatform implementation: [org.hibernate.engine.transaction.jta.platform.internal.NoJtaPlatform]
2023-10-14 17:32:39.273  INFO 1100 --- [main] j.LocalContainerEntityManagerFactoryBean : Initialized JPA EntityManagerFactory for persistence unit 'default'
2023-10-14 17:32:42.505  INFO 1100 --- [main] o.s.b.a.h2.H2ConsoleAutoConfiguration    : H2 console available at '/h2-console'. Database available at 'jdbc:h2:mem:spring_class_db'
2023-10-14 17:32:42.946  INFO 1100 --- [main] pertySourcedRequestMappingHandlerMapping : Mapped URL path [/v2/api-docs] onto method [springfox.documentation.swagger2.web.Swagger2Controller#getDocumentation(String, HttpServletRequest)]
2023-10-14 17:32:43.628  INFO 1100 --- [main] o.s.s.web.DefaultSecurityFilterChain     : Will secure any request with [org.springframework.security.web.context.request.async.WebAsyncManagerIntegrationFilter@51d50b5f, org.springframework.security.web.context.SecurityContextPersistenceFilter@100d071, org.springframework.security.web.header.HeaderWriterFilter@5ac8916d, org.springframework.web.filter.CorsFilter@38816a6c, org.springframework.security.web.authentication.logout.LogoutFilter@5e1535e0, api.security.JwtTokenFilter@74727e41, org.springframework.security.web.savedrequest.RequestCacheAwareFilter@1abf38d1, org.springframework.security.web.servletapi.SecurityContextHolderAwareRequestFilter@1d3bf0af, org.springframework.security.web.authentication.AnonymousAuthenticationFilter@16117d9, org.springframework.security.web.session.SessionManagementFilter@515555b, org.springframework.security.web.access.ExceptionTranslationFilter@8d5b303, org.springframework.security.web.access.intercept.FilterSecurityInterceptor@18ada4e1]
2023-10-14 17:32:44.600  INFO 1100 --- [main] d.s.w.p.DocumentationPluginsBootstrapper : Context refreshed
2023-10-14 17:32:44.631  INFO 1100 --- [main] d.s.w.p.DocumentationPluginsBootstrapper : Found 1 custom documentation plugin(s)
2023-10-14 17:32:44.667  INFO 1100 --- [main] s.d.s.w.s.ApiListingReferenceScanner     : Scanning for api listing references
2023-10-14 17:32:45.024  INFO 1100 --- [main] .d.s.w.r.o.CachingOperationNameGenerator : Generating unique operation named: createUsingPOST_1
2023-10-14 17:32:45.167  INFO 1100 --- [main] api.service.UserServiceTests             : Started UserServiceTests in 14.528 seconds (JVM running for 17.041)
2023-10-14 17:32:46.641  INFO 1100 --- [SpringApplicationShutdownHook] j.LocalContainerEntityManagerFactoryBean : Closing JPA EntityManagerFactory for persistence unit 'default'
2023-10-14 17:32:46.650  INFO 1100 --- [SpringApplicationShutdownHook] com.zaxxer.hikari.HikariDataSource       : HikariPool-1 - Shutdown initiated...
2023-10-14 17:32:46.656  INFO 1100 --- [SpringApplicationShutdownHook] com.zaxxer.hikari.HikariDataSource       : HikariPool-1 - Shutdown completed.
2023-10-14 17:37:38.636  INFO 7720 --- [main] api.service.UserServiceTests             : Starting UserServiceTests using Java 17.0.7 on DESKTOP-LU018AM with PID 7720 (started by joel in C:\Users\joel\Documents\GitHub\spring-boot-jwt)
2023-10-14 17:37:38.641  INFO 7720 --- [main] api.service.UserServiceTests             : No active profile set, falling back to default profiles: default
2023-10-14 17:37:40.840  INFO 7720 --- [main] .s.d.r.c.RepositoryConfigurationDelegate : Bootstrapping Spring Data JPA repositories in DEFAULT mode.
2023-10-14 17:37:41.014  INFO 7720 --- [main] .s.d.r.c.RepositoryConfigurationDelegate : Finished Spring Data repository scanning in 157 ms. Found 6 JPA repository interfaces.
2023-10-14 17:37:42.820  INFO 7720 --- [main] trationDelegate$BeanPostProcessorChecker : Bean 'org.springframework.security.access.expression.method.DefaultMethodSecurityExpressionHandler@62cd562d' of type [org.springframework.security.access.expression.method.DefaultMethodSecurityExpressionHandler] is not eligible for getting processed by all BeanPostProcessors (for example: not eligible for auto-proxying)
2023-10-14 17:37:42.857  INFO 7720 --- [main] trationDelegate$BeanPostProcessorChecker : Bean 'methodSecurityMetadataSource' of type [org.springframework.security.access.method.DelegatingMethodSecurityMetadataSource] is not eligible for getting processed by all BeanPostProcessors (for example: not eligible for auto-proxying)
2023-10-14 17:37:43.356  INFO 7720 --- [main] o.hibernate.jpa.internal.util.LogHelper  : HHH000204: Processing PersistenceUnitInfo [name: default]
2023-10-14 17:37:43.461  INFO 7720 --- [main] org.hibernate.Version                    : HHH000412: Hibernate ORM core version 5.4.32.Final
2023-10-14 17:37:43.519  INFO 7720 --- [main] o.hibernate.annotations.common.Version   : HCANN000001: Hibernate Commons Annotations {5.1.2.Final}
2023-10-14 17:37:43.833  INFO 7720 --- [main] com.zaxxer.hikari.HikariDataSource       : HikariPool-1 - Starting...
2023-10-14 17:37:44.149  INFO 7720 --- [main] com.zaxxer.hikari.HikariDataSource       : HikariPool-1 - Start completed.
2023-10-14 17:37:44.179  INFO 7720 --- [main] org.hibernate.dialect.Dialect            : HHH000400: Using dialect: org.hibernate.dialect.H2Dialect
2023-10-14 17:37:45.240  INFO 7720 --- [main] o.h.e.t.j.p.i.JtaPlatformInitiator       : HHH000490: Using JtaPlatform implementation: [org.hibernate.engine.transaction.jta.platform.internal.NoJtaPlatform]
2023-10-14 17:37:45.257  INFO 7720 --- [main] j.LocalContainerEntityManagerFactoryBean : Initialized JPA EntityManagerFactory for persistence unit 'default'
2023-10-14 17:37:47.193  INFO 7720 --- [main] o.s.b.a.h2.H2ConsoleAutoConfiguration    : H2 console available at '/h2-console'. Database available at 'jdbc:h2:mem:spring_class_db'
2023-10-14 17:37:47.637  INFO 7720 --- [main] pertySourcedRequestMappingHandlerMapping : Mapped URL path [/v2/api-docs] onto method [springfox.documentation.swagger2.web.Swagger2Controller#getDocumentation(String, HttpServletRequest)]
2023-10-14 17:37:48.209  INFO 7720 --- [main] o.s.s.web.DefaultSecurityFilterChain     : Will secure any request with [org.springframework.security.web.context.request.async.WebAsyncManagerIntegrationFilter@18ada4e1, org.springframework.security.web.context.SecurityContextPersistenceFilter@2e10f765, org.springframework.security.web.header.HeaderWriterFilter@6a9b8f33, org.springframework.web.filter.CorsFilter@10cf3e4f, org.springframework.security.web.authentication.logout.LogoutFilter@2cca7d3c, api.security.JwtTokenFilter@359f3401, org.springframework.security.web.savedrequest.RequestCacheAwareFilter@333d5a0c, org.springframework.security.web.servletapi.SecurityContextHolderAwareRequestFilter@1abf38d1, org.springframework.security.web.authentication.AnonymousAuthenticationFilter@242a3997, org.springframework.security.web.session.SessionManagementFilter@5efa05f9, org.springframework.security.web.access.ExceptionTranslationFilter@51a65f56, org.springframework.security.web.access.intercept.FilterSecurityInterceptor@2be83e7e]
2023-10-14 17:37:48.979  INFO 7720 --- [main] d.s.w.p.DocumentationPluginsBootstrapper : Context refreshed
2023-10-14 17:37:49.008  INFO 7720 --- [main] d.s.w.p.DocumentationPluginsBootstrapper : Found 1 custom documentation plugin(s)
2023-10-14 17:37:49.047  INFO 7720 --- [main] s.d.s.w.s.ApiListingReferenceScanner     : Scanning for api listing references
2023-10-14 17:37:49.301  INFO 7720 --- [main] .d.s.w.r.o.CachingOperationNameGenerator : Generating unique operation named: createUsingPOST_1
2023-10-14 17:37:49.518  INFO 7720 --- [main] api.service.UserServiceTests             : Started UserServiceTests in 11.463 seconds (JVM running for 13.876)
2023-10-14 17:37:50.191  INFO 7720 --- [SpringApplicationShutdownHook] j.LocalContainerEntityManagerFactoryBean : Closing JPA EntityManagerFactory for persistence unit 'default'
2023-10-14 17:37:50.196  INFO 7720 --- [SpringApplicationShutdownHook] com.zaxxer.hikari.HikariDataSource       : HikariPool-1 - Shutdown initiated...
2023-10-14 17:37:50.199  INFO 7720 --- [SpringApplicationShutdownHook] com.zaxxer.hikari.HikariDataSource       : HikariPool-1 - Shutdown completed.
2023-10-14 17:39:35.707  INFO 3096 --- [main] api.service.UserServiceTests             : Starting UserServiceTests using Java 17.0.7 on DESKTOP-LU018AM with PID 3096 (started by joel in C:\Users\joel\Documents\GitHub\spring-boot-jwt)
2023-10-14 17:39:35.714  INFO 3096 --- [main] api.service.UserServiceTests             : No active profile set, falling back to default profiles: default
2023-10-14 17:39:38.036  INFO 3096 --- [main] .s.d.r.c.RepositoryConfigurationDelegate : Bootstrapping Spring Data JPA repositories in DEFAULT mode.
2023-10-14 17:39:38.237  INFO 3096 --- [main] .s.d.r.c.RepositoryConfigurationDelegate : Finished Spring Data repository scanning in 176 ms. Found 6 JPA repository interfaces.
2023-10-14 17:39:40.889  INFO 3096 --- [main] trationDelegate$BeanPostProcessorChecker : Bean 'org.springframework.security.access.expression.method.DefaultMethodSecurityExpressionHandler@3d1c52f5' of type [org.springframework.security.access.expression.method.DefaultMethodSecurityExpressionHandler] is not eligible for getting processed by all BeanPostProcessors (for example: not eligible for auto-proxying)
2023-10-14 17:39:40.920  INFO 3096 --- [main] trationDelegate$BeanPostProcessorChecker : Bean 'methodSecurityMetadataSource' of type [org.springframework.security.access.method.DelegatingMethodSecurityMetadataSource] is not eligible for getting processed by all BeanPostProcessors (for example: not eligible for auto-proxying)
2023-10-14 17:39:41.372  INFO 3096 --- [main] o.hibernate.jpa.internal.util.LogHelper  : HHH000204: Processing PersistenceUnitInfo [name: default]
2023-10-14 17:39:41.474  INFO 3096 --- [main] org.hibernate.Version                    : HHH000412: Hibernate ORM core version 5.4.32.Final
2023-10-14 17:39:41.540  INFO 3096 --- [main] o.hibernate.annotations.common.Version   : HCANN000001: Hibernate Commons Annotations {5.1.2.Final}
2023-10-14 17:39:41.834  INFO 3096 --- [main] com.zaxxer.hikari.HikariDataSource       : HikariPool-1 - Starting...
2023-10-14 17:39:42.117  INFO 3096 --- [main] com.zaxxer.hikari.HikariDataSource       : HikariPool-1 - Start completed.
2023-10-14 17:39:42.145  INFO 3096 --- [main] org.hibernate.dialect.Dialect            : HHH000400: Using dialect: org.hibernate.dialect.H2Dialect
2023-10-14 17:39:43.120  INFO 3096 --- [main] o.h.e.t.j.p.i.JtaPlatformInitiator       : HHH000490: Using JtaPlatform implementation: [org.hibernate.engine.transaction.jta.platform.internal.NoJtaPlatform]
2023-10-14 17:39:43.139  INFO 3096 --- [main] j.LocalContainerEntityManagerFactoryBean : Initialized JPA EntityManagerFactory for persistence unit 'default'
2023-10-14 17:39:45.167  INFO 3096 --- [main] o.s.b.a.h2.H2ConsoleAutoConfiguration    : H2 console available at '/h2-console'. Database available at 'jdbc:h2:mem:spring_class_db'
2023-10-14 17:39:45.805  INFO 3096 --- [main] pertySourcedRequestMappingHandlerMapping : Mapped URL path [/v2/api-docs] onto method [springfox.documentation.swagger2.web.Swagger2Controller#getDocumentation(String, HttpServletRequest)]
2023-10-14 17:39:46.598  INFO 3096 --- [main] o.s.s.web.DefaultSecurityFilterChain     : Will secure any request with [org.springframework.security.web.context.request.async.WebAsyncManagerIntegrationFilter@57f9f387, org.springframework.security.web.context.SecurityContextPersistenceFilter@522221e1, org.springframework.security.web.header.HeaderWriterFilter@7ecd6861, org.springframework.web.filter.CorsFilter@6b4376e1, org.springframework.security.web.authentication.logout.LogoutFilter@23f9d0ce, api.security.JwtTokenFilter@622c658d, org.springframework.security.web.savedrequest.RequestCacheAwareFilter@620260ad, org.springframework.security.web.servletapi.SecurityContextHolderAwareRequestFilter@216c6825, org.springframework.security.web.authentication.AnonymousAuthenticationFilter@3619bc9e, org.springframework.security.web.session.SessionManagementFilter@4bc75792, org.springframework.security.web.access.ExceptionTranslationFilter@7b897456, org.springframework.security.web.access.intercept.FilterSecurityInterceptor@7a791e8b]
2023-10-14 17:39:47.615  INFO 3096 --- [main] d.s.w.p.DocumentationPluginsBootstrapper : Context refreshed
2023-10-14 17:39:47.650  INFO 3096 --- [main] d.s.w.p.DocumentationPluginsBootstrapper : Found 1 custom documentation plugin(s)
2023-10-14 17:39:47.698  INFO 3096 --- [main] s.d.s.w.s.ApiListingReferenceScanner     : Scanning for api listing references
2023-10-14 17:39:48.013  INFO 3096 --- [main] .d.s.w.r.o.CachingOperationNameGenerator : Generating unique operation named: createUsingPOST_1
2023-10-14 17:39:48.141  INFO 3096 --- [main] api.service.UserServiceTests             : Started UserServiceTests in 13.067 seconds (JVM running for 15.275)
2023-10-14 17:39:48.896  INFO 3096 --- [SpringApplicationShutdownHook] j.LocalContainerEntityManagerFactoryBean : Closing JPA EntityManagerFactory for persistence unit 'default'
2023-10-14 17:39:48.900  INFO 3096 --- [SpringApplicationShutdownHook] com.zaxxer.hikari.HikariDataSource       : HikariPool-1 - Shutdown initiated...
2023-10-14 17:39:48.903  INFO 3096 --- [SpringApplicationShutdownHook] com.zaxxer.hikari.HikariDataSource       : HikariPool-1 - Shutdown completed.
2023-10-14 17:48:05.281  INFO 6524 --- [main] api.service.UserServiceTests             : Starting UserServiceTests using Java 17.0.7 on DESKTOP-LU018AM with PID 6524 (started by joel in C:\Users\joel\Documents\GitHub\spring-boot-jwt)
2023-10-14 17:48:05.305  INFO 6524 --- [main] api.service.UserServiceTests             : No active profile set, falling back to default profiles: default
2023-10-14 17:48:07.678  INFO 6524 --- [main] .s.d.r.c.RepositoryConfigurationDelegate : Bootstrapping Spring Data JPA repositories in DEFAULT mode.
2023-10-14 17:48:07.856  INFO 6524 --- [main] .s.d.r.c.RepositoryConfigurationDelegate : Finished Spring Data repository scanning in 156 ms. Found 6 JPA repository interfaces.
2023-10-14 17:48:09.575  INFO 6524 --- [main] trationDelegate$BeanPostProcessorChecker : Bean 'org.springframework.security.access.expression.method.DefaultMethodSecurityExpressionHandler@3095d401' of type [org.springframework.security.access.expression.method.DefaultMethodSecurityExpressionHandler] is not eligible for getting processed by all BeanPostProcessors (for example: not eligible for auto-proxying)
2023-10-14 17:48:09.606  INFO 6524 --- [main] trationDelegate$BeanPostProcessorChecker : Bean 'methodSecurityMetadataSource' of type [org.springframework.security.access.method.DelegatingMethodSecurityMetadataSource] is not eligible for getting processed by all BeanPostProcessors (for example: not eligible for auto-proxying)
2023-10-14 17:48:10.039  INFO 6524 --- [main] o.hibernate.jpa.internal.util.LogHelper  : HHH000204: Processing PersistenceUnitInfo [name: default]
2023-10-14 17:48:10.158  INFO 6524 --- [main] org.hibernate.Version                    : HHH000412: Hibernate ORM core version 5.4.32.Final
2023-10-14 17:48:10.228  INFO 6524 --- [main] o.hibernate.annotations.common.Version   : HCANN000001: Hibernate Commons Annotations {5.1.2.Final}
2023-10-14 17:48:10.462  INFO 6524 --- [main] com.zaxxer.hikari.HikariDataSource       : HikariPool-1 - Starting...
2023-10-14 17:48:10.718  INFO 6524 --- [main] com.zaxxer.hikari.HikariDataSource       : HikariPool-1 - Start completed.
2023-10-14 17:48:10.750  INFO 6524 --- [main] org.hibernate.dialect.Dialect            : HHH000400: Using dialect: org.hibernate.dialect.H2Dialect
2023-10-14 17:48:11.860  INFO 6524 --- [main] o.h.e.t.j.p.i.JtaPlatformInitiator       : HHH000490: Using JtaPlatform implementation: [org.hibernate.engine.transaction.jta.platform.internal.NoJtaPlatform]
2023-10-14 17:48:11.878  INFO 6524 --- [main] j.LocalContainerEntityManagerFactoryBean : Initialized JPA EntityManagerFactory for persistence unit 'default'
2023-10-14 17:48:13.879  INFO 6524 --- [main] o.s.b.a.h2.H2ConsoleAutoConfiguration    : H2 console available at '/h2-console'. Database available at 'jdbc:h2:mem:spring_class_db'
2023-10-14 17:48:14.308  INFO 6524 --- [main] pertySourcedRequestMappingHandlerMapping : Mapped URL path [/v2/api-docs] onto method [springfox.documentation.swagger2.web.Swagger2Controller#getDocumentation(String, HttpServletRequest)]
2023-10-14 17:48:14.871  INFO 6524 --- [main] o.s.s.web.DefaultSecurityFilterChain     : Will secure any request with [org.springframework.security.web.context.request.async.WebAsyncManagerIntegrationFilter@78977b59, org.springframework.security.web.context.SecurityContextPersistenceFilter@492e9e87, org.springframework.security.web.header.HeaderWriterFilter@4fb3c670, org.springframework.web.filter.CorsFilter@4bf6bc2d, org.springframework.security.web.authentication.logout.LogoutFilter@6c04310f, api.security.JwtTokenFilter@2c914364, org.springframework.security.web.savedrequest.RequestCacheAwareFilter@18487f92, org.springframework.security.web.servletapi.SecurityContextHolderAwareRequestFilter@252f00ba, org.springframework.security.web.authentication.AnonymousAuthenticationFilter@25c756f0, org.springframework.security.web.session.SessionManagementFilter@16a7af5d, org.springframework.security.web.access.ExceptionTranslationFilter@5013c6bc, org.springframework.security.web.access.intercept.FilterSecurityInterceptor@51d50b5f]
2023-10-14 17:48:15.691  INFO 6524 --- [main] d.s.w.p.DocumentationPluginsBootstrapper : Context refreshed
2023-10-14 17:48:15.727  INFO 6524 --- [main] d.s.w.p.DocumentationPluginsBootstrapper : Found 1 custom documentation plugin(s)
2023-10-14 17:48:15.774  INFO 6524 --- [main] s.d.s.w.s.ApiListingReferenceScanner     : Scanning for api listing references
2023-10-14 17:48:15.987  INFO 6524 --- [main] .d.s.w.r.o.CachingOperationNameGenerator : Generating unique operation named: createUsingPOST_1
2023-10-14 17:48:16.107  INFO 6524 --- [main] api.service.UserServiceTests             : Started UserServiceTests in 11.581 seconds (JVM running for 14.048)
2023-10-14 17:48:18.189  INFO 6524 --- [SpringApplicationShutdownHook] j.LocalContainerEntityManagerFactoryBean : Closing JPA EntityManagerFactory for persistence unit 'default'
2023-10-14 17:48:18.193  INFO 6524 --- [SpringApplicationShutdownHook] com.zaxxer.hikari.HikariDataSource       : HikariPool-1 - Shutdown initiated...
2023-10-14 17:48:18.197  INFO 6524 --- [SpringApplicationShutdownHook] com.zaxxer.hikari.HikariDataSource       : HikariPool-1 - Shutdown completed.
2023-10-14 17:49:15.202  INFO 5872 --- [main] api.service.UserServiceTests             : Starting UserServiceTests using Java 17.0.7 on DESKTOP-LU018AM with PID 5872 (started by joel in C:\Users\joel\Documents\GitHub\spring-boot-jwt)
2023-10-14 17:49:15.207  INFO 5872 --- [main] api.service.UserServiceTests             : No active profile set, falling back to default profiles: default
2023-10-14 17:49:17.238  INFO 5872 --- [main] .s.d.r.c.RepositoryConfigurationDelegate : Bootstrapping Spring Data JPA repositories in DEFAULT mode.
2023-10-14 17:49:17.439  INFO 5872 --- [main] .s.d.r.c.RepositoryConfigurationDelegate : Finished Spring Data repository scanning in 183 ms. Found 6 JPA repository interfaces.
2023-10-14 17:49:19.297  INFO 5872 --- [main] trationDelegate$BeanPostProcessorChecker : Bean 'org.springframework.security.access.expression.method.DefaultMethodSecurityExpressionHandler@3095d401' of type [org.springframework.security.access.expression.method.DefaultMethodSecurityExpressionHandler] is not eligible for getting processed by all BeanPostProcessors (for example: not eligible for auto-proxying)
2023-10-14 17:49:19.325  INFO 5872 --- [main] trationDelegate$BeanPostProcessorChecker : Bean 'methodSecurityMetadataSource' of type [org.springframework.security.access.method.DelegatingMethodSecurityMetadataSource] is not eligible for getting processed by all BeanPostProcessors (for example: not eligible for auto-proxying)
2023-10-14 17:49:20.044  INFO 5872 --- [main] o.hibernate.jpa.internal.util.LogHelper  : HHH000204: Processing PersistenceUnitInfo [name: default]
2023-10-14 17:49:20.165  INFO 5872 --- [main] org.hibernate.Version                    : HHH000412: Hibernate ORM core version 5.4.32.Final
2023-10-14 17:49:20.249  INFO 5872 --- [main] o.hibernate.annotations.common.Version   : HCANN000001: Hibernate Commons Annotations {5.1.2.Final}
2023-10-14 17:49:20.558  INFO 5872 --- [main] com.zaxxer.hikari.HikariDataSource       : HikariPool-1 - Starting...
2023-10-14 17:49:20.881  INFO 5872 --- [main] com.zaxxer.hikari.HikariDataSource       : HikariPool-1 - Start completed.
2023-10-14 17:49:20.913  INFO 5872 --- [main] org.hibernate.dialect.Dialect            : HHH000400: Using dialect: org.hibernate.dialect.H2Dialect
2023-10-14 17:49:21.964  INFO 5872 --- [main] o.h.e.t.j.p.i.JtaPlatformInitiator       : HHH000490: Using JtaPlatform implementation: [org.hibernate.engine.transaction.jta.platform.internal.NoJtaPlatform]
2023-10-14 17:49:21.982  INFO 5872 --- [main] j.LocalContainerEntityManagerFactoryBean : Initialized JPA EntityManagerFactory for persistence unit 'default'
2023-10-14 17:49:23.978  INFO 5872 --- [main] o.s.b.a.h2.H2ConsoleAutoConfiguration    : H2 console available at '/h2-console'. Database available at 'jdbc:h2:mem:spring_class_db'
2023-10-14 17:49:24.443  INFO 5872 --- [main] pertySourcedRequestMappingHandlerMapping : Mapped URL path [/v2/api-docs] onto method [springfox.documentation.swagger2.web.Swagger2Controller#getDocumentation(String, HttpServletRequest)]
2023-10-14 17:49:25.015  INFO 5872 --- [main] o.s.s.web.DefaultSecurityFilterChain     : Will secure any request with [org.springframework.security.web.context.request.async.WebAsyncManagerIntegrationFilter@56adb75e, org.springframework.security.web.context.SecurityContextPersistenceFilter@549b26d7, org.springframework.security.web.header.HeaderWriterFilter@2a0d8df8, org.springframework.web.filter.CorsFilter@2cc7b63d, org.springframework.security.web.authentication.logout.LogoutFilter@359903b6, api.security.JwtTokenFilter@6179551b, org.springframework.security.web.savedrequest.RequestCacheAwareFilter@6c96dc5c, org.springframework.security.web.servletapi.SecurityContextHolderAwareRequestFilter@61b6f287, org.springframework.security.web.authentication.AnonymousAuthenticationFilter@54626326, org.springframework.security.web.session.SessionManagementFilter@145ce025, org.springframework.security.web.access.ExceptionTranslationFilter@7ecd6861, org.springframework.security.web.access.intercept.FilterSecurityInterceptor@2726b2f3]
2023-10-14 17:49:25.912  INFO 5872 --- [main] d.s.w.p.DocumentationPluginsBootstrapper : Context refreshed
2023-10-14 17:49:25.950  INFO 5872 --- [main] d.s.w.p.DocumentationPluginsBootstrapper : Found 1 custom documentation plugin(s)
2023-10-14 17:49:25.999  INFO 5872 --- [main] s.d.s.w.s.ApiListingReferenceScanner     : Scanning for api listing references
2023-10-14 17:49:26.242  INFO 5872 --- [main] .d.s.w.r.o.CachingOperationNameGenerator : Generating unique operation named: createUsingPOST_1
2023-10-14 17:49:26.483  INFO 5872 --- [main] api.service.UserServiceTests             : Started UserServiceTests in 11.806 seconds (JVM running for 13.711)
2023-10-14 17:49:27.167  INFO 5872 --- [SpringApplicationShutdownHook] j.LocalContainerEntityManagerFactoryBean : Closing JPA EntityManagerFactory for persistence unit 'default'
2023-10-14 17:49:27.172  INFO 5872 --- [SpringApplicationShutdownHook] com.zaxxer.hikari.HikariDataSource       : HikariPool-1 - Shutdown initiated...
2023-10-14 17:49:27.175  INFO 5872 --- [SpringApplicationShutdownHook] com.zaxxer.hikari.HikariDataSource       : HikariPool-1 - Shutdown completed.
2023-10-14 17:56:19.471  INFO 9856 --- [main] api.service.UserServiceTests             : Starting UserServiceTests using Java 17.0.7 on DESKTOP-LU018AM with PID 9856 (started by joel in C:\Users\joel\Documents\GitHub\spring-boot-jwt)
2023-10-14 17:56:19.476  INFO 9856 --- [main] api.service.UserServiceTests             : No active profile set, falling back to default profiles: default
2023-10-14 17:56:21.563  INFO 9856 --- [main] .s.d.r.c.RepositoryConfigurationDelegate : Bootstrapping Spring Data JPA repositories in DEFAULT mode.
2023-10-14 17:56:21.727  INFO 9856 --- [main] .s.d.r.c.RepositoryConfigurationDelegate : Finished Spring Data repository scanning in 148 ms. Found 6 JPA repository interfaces.
2023-10-14 17:56:23.546  INFO 9856 --- [main] trationDelegate$BeanPostProcessorChecker : Bean 'org.springframework.security.access.expression.method.DefaultMethodSecurityExpressionHandler@b94703b' of type [org.springframework.security.access.expression.method.DefaultMethodSecurityExpressionHandler] is not eligible for getting processed by all BeanPostProcessors (for example: not eligible for auto-proxying)
2023-10-14 17:56:23.576  INFO 9856 --- [main] trationDelegate$BeanPostProcessorChecker : Bean 'methodSecurityMetadataSource' of type [org.springframework.security.access.method.DelegatingMethodSecurityMetadataSource] is not eligible for getting processed by all BeanPostProcessors (for example: not eligible for auto-proxying)
2023-10-14 17:56:24.002  INFO 9856 --- [main] o.hibernate.jpa.internal.util.LogHelper  : HHH000204: Processing PersistenceUnitInfo [name: default]
2023-10-14 17:56:24.111  INFO 9856 --- [main] org.hibernate.Version                    : HHH000412: Hibernate ORM core version 5.4.32.Final
2023-10-14 17:56:24.181  INFO 9856 --- [main] o.hibernate.annotations.common.Version   : HCANN000001: Hibernate Commons Annotations {5.1.2.Final}
2023-10-14 17:56:24.389  INFO 9856 --- [main] com.zaxxer.hikari.HikariDataSource       : HikariPool-1 - Starting...
2023-10-14 17:56:24.639  INFO 9856 --- [main] com.zaxxer.hikari.HikariDataSource       : HikariPool-1 - Start completed.
2023-10-14 17:56:24.670  INFO 9856 --- [main] org.hibernate.dialect.Dialect            : HHH000400: Using dialect: org.hibernate.dialect.H2Dialect
2023-10-14 17:56:25.684  INFO 9856 --- [main] o.h.e.t.j.p.i.JtaPlatformInitiator       : HHH000490: Using JtaPlatform implementation: [org.hibernate.engine.transaction.jta.platform.internal.NoJtaPlatform]
2023-10-14 17:56:25.702  INFO 9856 --- [main] j.LocalContainerEntityManagerFactoryBean : Initialized JPA EntityManagerFactory for persistence unit 'default'
2023-10-14 17:56:27.623  INFO 9856 --- [main] o.s.b.a.h2.H2ConsoleAutoConfiguration    : H2 console available at '/h2-console'. Database available at 'jdbc:h2:mem:spring_class_db'
2023-10-14 17:56:28.062  INFO 9856 --- [main] pertySourcedRequestMappingHandlerMapping : Mapped URL path [/v2/api-docs] onto method [springfox.documentation.swagger2.web.Swagger2Controller#getDocumentation(String, HttpServletRequest)]
2023-10-14 17:56:28.675  INFO 9856 --- [main] o.s.s.web.DefaultSecurityFilterChain     : Will secure any request with [org.springframework.security.web.context.request.async.WebAsyncManagerIntegrationFilter@116fe252, org.springframework.security.web.context.SecurityContextPersistenceFilter@62d818c6, org.springframework.security.web.header.HeaderWriterFilter@56a6aadb, org.springframework.web.filter.CorsFilter@7b8b755d, org.springframework.security.web.authentication.logout.LogoutFilter@2fccfcdb, api.security.JwtTokenFilter@3bd5dff5, org.springframework.security.web.savedrequest.RequestCacheAwareFilter@3a744e32, org.springframework.security.web.servletapi.SecurityContextHolderAwareRequestFilter@18487f92, org.springframework.security.web.authentication.AnonymousAuthenticationFilter@6df605f, org.springframework.security.web.session.SessionManagementFilter@7375ebe7, org.springframework.security.web.access.ExceptionTranslationFilter@6391d34f, org.springframework.security.web.access.intercept.FilterSecurityInterceptor@5e572ad6]
2023-10-14 17:56:29.520  INFO 9856 --- [main] d.s.w.p.DocumentationPluginsBootstrapper : Context refreshed
2023-10-14 17:56:29.553  INFO 9856 --- [main] d.s.w.p.DocumentationPluginsBootstrapper : Found 1 custom documentation plugin(s)
2023-10-14 17:56:29.603  INFO 9856 --- [main] s.d.s.w.s.ApiListingReferenceScanner     : Scanning for api listing references
2023-10-14 17:56:29.830  INFO 9856 --- [main] .d.s.w.r.o.CachingOperationNameGenerator : Generating unique operation named: createUsingPOST_1
2023-10-14 17:56:29.950  INFO 9856 --- [main] api.service.UserServiceTests             : Started UserServiceTests in 11.147 seconds (JVM running for 13.107)
2023-10-14 17:56:32.761  INFO 9856 --- [SpringApplicationShutdownHook] j.LocalContainerEntityManagerFactoryBean : Closing JPA EntityManagerFactory for persistence unit 'default'
2023-10-14 17:56:32.765  INFO 9856 --- [SpringApplicationShutdownHook] com.zaxxer.hikari.HikariDataSource       : HikariPool-1 - Shutdown initiated...
2023-10-14 17:56:32.773  INFO 9856 --- [SpringApplicationShutdownHook] com.zaxxer.hikari.HikariDataSource       : HikariPool-1 - Shutdown completed.
2023-10-14 18:00:41.605  INFO 3688 --- [main] api.service.UserServiceTests             : Starting UserServiceTests using Java 17.0.7 on DESKTOP-LU018AM with PID 3688 (started by joel in C:\Users\joel\Documents\GitHub\spring-boot-jwt)
2023-10-14 18:00:41.612  INFO 3688 --- [main] api.service.UserServiceTests             : No active profile set, falling back to default profiles: default
2023-10-14 18:00:43.901  INFO 3688 --- [main] .s.d.r.c.RepositoryConfigurationDelegate : Bootstrapping Spring Data JPA repositories in DEFAULT mode.
2023-10-14 18:00:44.080  INFO 3688 --- [main] .s.d.r.c.RepositoryConfigurationDelegate : Finished Spring Data repository scanning in 156 ms. Found 6 JPA repository interfaces.
2023-10-14 18:00:46.805  INFO 3688 --- [main] trationDelegate$BeanPostProcessorChecker : Bean 'org.springframework.security.access.expression.method.DefaultMethodSecurityExpressionHandler@2037f12b' of type [org.springframework.security.access.expression.method.DefaultMethodSecurityExpressionHandler] is not eligible for getting processed by all BeanPostProcessors (for example: not eligible for auto-proxying)
2023-10-14 18:00:46.839  INFO 3688 --- [main] trationDelegate$BeanPostProcessorChecker : Bean 'methodSecurityMetadataSource' of type [org.springframework.security.access.method.DelegatingMethodSecurityMetadataSource] is not eligible for getting processed by all BeanPostProcessors (for example: not eligible for auto-proxying)
2023-10-14 18:00:47.292  INFO 3688 --- [main] o.hibernate.jpa.internal.util.LogHelper  : HHH000204: Processing PersistenceUnitInfo [name: default]
2023-10-14 18:00:47.508  INFO 3688 --- [main] org.hibernate.Version                    : HHH000412: Hibernate ORM core version 5.4.32.Final
2023-10-14 18:00:47.608  INFO 3688 --- [main] o.hibernate.annotations.common.Version   : HCANN000001: Hibernate Commons Annotations {5.1.2.Final}
2023-10-14 18:00:47.880  INFO 3688 --- [main] com.zaxxer.hikari.HikariDataSource       : HikariPool-1 - Starting...
2023-10-14 18:00:48.158  INFO 3688 --- [main] com.zaxxer.hikari.HikariDataSource       : HikariPool-1 - Start completed.
2023-10-14 18:00:48.187  INFO 3688 --- [main] org.hibernate.dialect.Dialect            : HHH000400: Using dialect: org.hibernate.dialect.H2Dialect
2023-10-14 18:00:49.277  INFO 3688 --- [main] o.h.e.t.j.p.i.JtaPlatformInitiator       : HHH000490: Using JtaPlatform implementation: [org.hibernate.engine.transaction.jta.platform.internal.NoJtaPlatform]
2023-10-14 18:00:49.294  INFO 3688 --- [main] j.LocalContainerEntityManagerFactoryBean : Initialized JPA EntityManagerFactory for persistence unit 'default'
2023-10-14 18:00:51.267  INFO 3688 --- [main] o.s.b.a.h2.H2ConsoleAutoConfiguration    : H2 console available at '/h2-console'. Database available at 'jdbc:h2:mem:spring_class_db'
2023-10-14 18:00:51.774  INFO 3688 --- [main] pertySourcedRequestMappingHandlerMapping : Mapped URL path [/v2/api-docs] onto method [springfox.documentation.swagger2.web.Swagger2Controller#getDocumentation(String, HttpServletRequest)]
2023-10-14 18:00:52.329  INFO 3688 --- [main] o.s.s.web.DefaultSecurityFilterChain     : Will secure any request with [org.springframework.security.web.context.request.async.WebAsyncManagerIntegrationFilter@13ac1657, org.springframework.security.web.context.SecurityContextPersistenceFilter@5ac8916d, org.springframework.security.web.header.HeaderWriterFilter@4fb3c670, org.springframework.web.filter.CorsFilter@52d68eb9, org.springframework.security.web.authentication.logout.LogoutFilter@4c897417, api.security.JwtTokenFilter@1a557a52, org.springframework.security.web.savedrequest.RequestCacheAwareFilter@58e2af93, org.springframework.security.web.servletapi.SecurityContextHolderAwareRequestFilter@204beb58, org.springframework.security.web.authentication.AnonymousAuthenticationFilter@4ab959e8, org.springframework.security.web.session.SessionManagementFilter@14a488ed, org.springframework.security.web.access.ExceptionTranslationFilter@5013c6bc, org.springframework.security.web.access.intercept.FilterSecurityInterceptor@58ec04f4]
2023-10-14 18:00:53.074  INFO 3688 --- [main] d.s.w.p.DocumentationPluginsBootstrapper : Context refreshed
2023-10-14 18:00:53.128  INFO 3688 --- [main] d.s.w.p.DocumentationPluginsBootstrapper : Found 1 custom documentation plugin(s)
2023-10-14 18:00:53.171  INFO 3688 --- [main] s.d.s.w.s.ApiListingReferenceScanner     : Scanning for api listing references
2023-10-14 18:00:53.392  INFO 3688 --- [main] .d.s.w.r.o.CachingOperationNameGenerator : Generating unique operation named: createUsingPOST_1
2023-10-14 18:00:53.500  INFO 3688 --- [main] api.service.UserServiceTests             : Started UserServiceTests in 12.475 seconds (JVM running for 14.927)
2023-10-14 18:00:53.876  INFO 3688 --- [SpringApplicationShutdownHook] j.LocalContainerEntityManagerFactoryBean : Closing JPA EntityManagerFactory for persistence unit 'default'
2023-10-14 18:00:53.879  INFO 3688 --- [SpringApplicationShutdownHook] com.zaxxer.hikari.HikariDataSource       : HikariPool-1 - Shutdown initiated...
2023-10-14 18:00:53.883  INFO 3688 --- [SpringApplicationShutdownHook] com.zaxxer.hikari.HikariDataSource       : HikariPool-1 - Shutdown completed.
