2023-11-14 19:04:06.337  INFO 8028 --- [main] auth.security.JwtTokenProviderTests      : Starting JwtTokenProviderTests using Java 17.0.7 on DESKTOP-LU018AM with PID 8028 (started by joel in C:\Users\joel\Documents\GitHub\spring-boot-jwt)
2023-11-14 19:04:06.341  INFO 8028 --- [main] auth.security.JwtTokenProviderTests      : No active profile set, falling back to default profiles: default
2023-11-14 19:04:08.388  INFO 8028 --- [main] .s.d.r.c.RepositoryConfigurationDelegate : Bootstrapping Spring Data JPA repositories in DEFAULT mode.
2023-11-14 19:04:08.511  INFO 8028 --- [main] .s.d.r.c.RepositoryConfigurationDelegate : Finished Spring Data repository scanning in 106 ms. Found 1 JPA repository interfaces.
2023-11-14 19:04:10.152  INFO 8028 --- [main] trationDelegate$BeanPostProcessorChecker : Bean 'org.springframework.security.access.expression.method.DefaultMethodSecurityExpressionHandler@1209a0f' of type [org.springframework.security.access.expression.method.DefaultMethodSecurityExpressionHandler] is not eligible for getting processed by all BeanPostProcessors (for example: not eligible for auto-proxying)
2023-11-14 19:04:10.182  INFO 8028 --- [main] trationDelegate$BeanPostProcessorChecker : Bean 'methodSecurityMetadataSource' of type [org.springframework.security.access.method.DelegatingMethodSecurityMetadataSource] is not eligible for getting processed by all BeanPostProcessors (for example: not eligible for auto-proxying)
2023-11-14 19:04:10.595  INFO 8028 --- [main] o.hibernate.jpa.internal.util.LogHelper  : HHH000204: Processing PersistenceUnitInfo [name: default]
2023-11-14 19:04:10.721  INFO 8028 --- [main] org.hibernate.Version                    : HHH000412: Hibernate ORM core version 5.4.32.Final
2023-11-14 19:04:10.794  INFO 8028 --- [main] o.hibernate.annotations.common.Version   : HCANN000001: Hibernate Commons Annotations {5.1.2.Final}
2023-11-14 19:04:11.036  INFO 8028 --- [main] com.zaxxer.hikari.HikariDataSource       : HikariPool-1 - Starting...
2023-11-14 19:04:11.336  INFO 8028 --- [main] com.zaxxer.hikari.HikariDataSource       : HikariPool-1 - Start completed.
2023-11-14 19:04:11.364  INFO 8028 --- [main] org.hibernate.dialect.Dialect            : HHH000400: Using dialect: org.hibernate.dialect.H2Dialect
2023-11-14 19:04:12.181  INFO 8028 --- [main] o.h.e.t.j.p.i.JtaPlatformInitiator       : HHH000490: Using JtaPlatform implementation: [org.hibernate.engine.transaction.jta.platform.internal.NoJtaPlatform]
2023-11-14 19:04:12.199  INFO 8028 --- [main] j.LocalContainerEntityManagerFactoryBean : Initialized JPA EntityManagerFactory for persistence unit 'default'
2023-11-14 19:04:13.351  INFO 8028 --- [main] o.s.b.a.h2.H2ConsoleAutoConfiguration    : H2 console available at '/h2-console'. Database available at 'jdbc:h2:mem:spring_class_db'
2023-11-14 19:04:13.761  INFO 8028 --- [main] pertySourcedRequestMappingHandlerMapping : Mapped URL path [/v2/api-docs] onto method [springfox.documentation.swagger2.web.Swagger2Controller#getDocumentation(String, HttpServletRequest)]
2023-11-14 19:04:14.330  INFO 8028 --- [main] o.s.s.web.DefaultSecurityFilterChain     : Will secure any request with [org.springframework.security.web.context.request.async.WebAsyncManagerIntegrationFilter@6908674b, org.springframework.security.web.context.SecurityContextPersistenceFilter@3c577368, org.springframework.security.web.header.HeaderWriterFilter@620e0d36, org.springframework.web.filter.CorsFilter@a3e458, org.springframework.security.web.authentication.logout.LogoutFilter@3f8a44a4, auth.security.JwtTokenFilter@4b74a4d, org.springframework.security.web.savedrequest.RequestCacheAwareFilter@2c8c42c, org.springframework.security.web.servletapi.SecurityContextHolderAwareRequestFilter@5032b2e, org.springframework.security.web.authentication.AnonymousAuthenticationFilter@63df2eb8, org.springframework.security.web.session.SessionManagementFilter@1c0a143, org.springframework.security.web.access.ExceptionTranslationFilter@17d83fe4, org.springframework.security.web.access.intercept.FilterSecurityInterceptor@6421bc7e]
2023-11-14 19:04:15.136  INFO 8028 --- [main] d.s.w.p.DocumentationPluginsBootstrapper : Context refreshed
2023-11-14 19:04:15.169  INFO 8028 --- [main] d.s.w.p.DocumentationPluginsBootstrapper : Found 1 custom documentation plugin(s)
2023-11-14 19:04:15.210  INFO 8028 --- [main] s.d.s.w.s.ApiListingReferenceScanner     : Scanning for api listing references
2023-11-14 19:04:15.535  INFO 8028 --- [main] auth.security.JwtTokenProviderTests      : Started JwtTokenProviderTests in 9.862 seconds (JVM running for 13.052)
2023-11-14 19:04:16.041  INFO 8028 --- [main] .b.t.c.SpringBootTestContextBootstrapper : Neither @ContextConfiguration nor @ContextHierarchy found for test class [api.controller.StudentControllerTests], using SpringBootContextLoader
2023-11-14 19:04:16.042  INFO 8028 --- [main] o.s.t.c.support.AbstractContextLoader    : Could not detect default resource locations for test class [api.controller.StudentControllerTests]: no resource found for suffixes {-context.xml, Context.groovy}.
2023-11-14 19:04:16.043  INFO 8028 --- [main] t.c.s.AnnotationConfigContextLoaderUtils : Could not detect default configuration classes for test class [api.controller.StudentControllerTests]: StudentControllerTests does not declare any static, non-private, non-final, nested classes annotated with @Configuration.
2023-11-14 19:04:16.162  INFO 8028 --- [main] .b.t.c.SpringBootTestContextBootstrapper : Neither @ContextConfiguration nor @ContextHierarchy found for test class [api.repository.StudentEvaluationRepositoryTests], using SpringBootContextLoader
2023-11-14 19:04:16.163  INFO 8028 --- [main] o.s.t.c.support.AbstractContextLoader    : Could not detect default resource locations for test class [api.repository.StudentEvaluationRepositoryTests]: no resource found for suffixes {-context.xml, Context.groovy}.
2023-11-14 19:04:16.164  INFO 8028 --- [main] t.c.s.AnnotationConfigContextLoaderUtils : Could not detect default configuration classes for test class [api.repository.StudentEvaluationRepositoryTests]: StudentEvaluationRepositoryTests does not declare any static, non-private, non-final, nested classes annotated with @Configuration.
2023-11-14 19:04:16.267  INFO 8028 --- [main] .b.t.c.SpringBootTestContextBootstrapper : Neither @ContextConfiguration nor @ContextHierarchy found for test class [api.controller.DisciplineControllerTests], using SpringBootContextLoader
2023-11-14 19:04:16.270  INFO 8028 --- [main] o.s.t.c.support.AbstractContextLoader    : Could not detect default resource locations for test class [api.controller.DisciplineControllerTests]: no resource found for suffixes {-context.xml, Context.groovy}.
2023-11-14 19:04:16.271  INFO 8028 --- [main] t.c.s.AnnotationConfigContextLoaderUtils : Could not detect default configuration classes for test class [api.controller.DisciplineControllerTests]: DisciplineControllerTests does not declare any static, non-private, non-final, nested classes annotated with @Configuration.
2023-11-14 19:04:16.362  INFO 8028 --- [main] .b.t.c.SpringBootTestContextBootstrapper : Neither @ContextConfiguration nor @ContextHierarchy found for test class [api.repository.DisciplineRepositoryTests], using SpringBootContextLoader
2023-11-14 19:04:16.363  INFO 8028 --- [main] o.s.t.c.support.AbstractContextLoader    : Could not detect default resource locations for test class [api.repository.DisciplineRepositoryTests]: no resource found for suffixes {-context.xml, Context.groovy}.
2023-11-14 19:04:16.365  INFO 8028 --- [main] t.c.s.AnnotationConfigContextLoaderUtils : Could not detect default configuration classes for test class [api.repository.DisciplineRepositoryTests]: DisciplineRepositoryTests does not declare any static, non-private, non-final, nested classes annotated with @Configuration.
2023-11-14 19:04:16.455  INFO 8028 --- [main] .b.t.c.SpringBootTestContextBootstrapper : Neither @ContextConfiguration nor @ContextHierarchy found for test class [api.controller.ClassroomControllerTests], using SpringBootContextLoader
2023-11-14 19:04:16.456  INFO 8028 --- [main] o.s.t.c.support.AbstractContextLoader    : Could not detect default resource locations for test class [api.controller.ClassroomControllerTests]: no resource found for suffixes {-context.xml, Context.groovy}.
2023-11-14 19:04:16.457  INFO 8028 --- [main] t.c.s.AnnotationConfigContextLoaderUtils : Could not detect default configuration classes for test class [api.controller.ClassroomControllerTests]: ClassroomControllerTests does not declare any static, non-private, non-final, nested classes annotated with @Configuration.
2023-11-14 19:04:16.536  INFO 8028 --- [main] .b.t.c.SpringBootTestContextBootstrapper : Neither @ContextConfiguration nor @ContextHierarchy found for test class [api.service.ClassroomServiceTests], using SpringBootContextLoader
2023-11-14 19:04:16.546  INFO 8028 --- [main] o.s.t.c.support.AbstractContextLoader    : Could not detect default resource locations for test class [api.service.ClassroomServiceTests]: no resource found for suffixes {-context.xml, Context.groovy}.
2023-11-14 19:04:16.547  INFO 8028 --- [main] t.c.s.AnnotationConfigContextLoaderUtils : Could not detect default configuration classes for test class [api.service.ClassroomServiceTests]: ClassroomServiceTests does not declare any static, non-private, non-final, nested classes annotated with @Configuration.
2023-11-14 19:04:16.633  INFO 8028 --- [main] .b.t.c.SpringBootTestContextBootstrapper : Neither @ContextConfiguration nor @ContextHierarchy found for test class [auth.service.UserServiceTests], using SpringBootContextLoader
2023-11-14 19:04:16.706  INFO 8028 --- [main] o.s.t.c.support.AbstractContextLoader    : Could not detect default resource locations for test class [auth.service.UserServiceTests]: no resource found for suffixes {-context.xml, Context.groovy}.
2023-11-14 19:04:16.706  INFO 8028 --- [main] t.c.s.AnnotationConfigContextLoaderUtils : Could not detect default configuration classes for test class [auth.service.UserServiceTests]: UserServiceTests does not declare any static, non-private, non-final, nested classes annotated with @Configuration.
2023-11-14 19:04:16.722  INFO 8028 --- [main] .b.t.c.SpringBootTestContextBootstrapper : Found @SpringBootConfiguration auth.JwtAuthServiceApp for test class auth.service.UserServiceTests
2023-11-14 19:04:16.726  INFO 8028 --- [main] .b.t.c.SpringBootTestContextBootstrapper : Loaded default TestExecutionListener class names from location [META-INF/spring.factories]: [org.springframework.security.test.context.support.WithSecurityContextTestExecutionListener, org.springframework.security.test.context.support.ReactorContextTestExecutionListener, org.springframework.test.context.web.ServletTestExecutionListener, org.springframework.test.context.support.DirtiesContextBeforeModesTestExecutionListener, org.springframework.test.context.event.ApplicationEventsTestExecutionListener, org.springframework.test.context.support.DependencyInjectionTestExecutionListener, org.springframework.test.context.support.DirtiesContextTestExecutionListener, org.springframework.test.context.transaction.TransactionalTestExecutionListener, org.springframework.test.context.jdbc.SqlScriptsTestExecutionListener, org.springframework.test.context.event.EventPublishingTestExecutionListener, org.springframework.boot.test.mock.mockito.MockitoTestExecutionListener, org.springframework.boot.test.mock.mockito.ResetMocksTestExecutionListener, org.springframework.boot.test.autoconfigure.restdocs.RestDocsTestExecutionListener, org.springframework.boot.test.autoconfigure.web.client.MockRestServiceServerResetTestExecutionListener, org.springframework.boot.test.autoconfigure.web.servlet.MockMvcPrintOnlyOnFailureTestExecutionListener, org.springframework.boot.test.autoconfigure.web.servlet.WebDriverTestExecutionListener, org.springframework.boot.test.autoconfigure.webservices.client.MockWebServiceServerTestExecutionListener]
2023-11-14 19:04:16.732  INFO 8028 --- [main] .b.t.c.SpringBootTestContextBootstrapper : Using TestExecutionListeners: [org.springframework.test.context.web.ServletTestExecutionListener@3bd7829b, org.springframework.test.context.support.DirtiesContextBeforeModesTestExecutionListener@4faccb34, org.springframework.test.context.event.ApplicationEventsTestExecutionListener@2cb4e4b1, org.springframework.boot.test.mock.mockito.MockitoTestExecutionListener@6e3552b0, org.springframework.boot.test.autoconfigure.SpringBootDependencyInjectionTestExecutionListener@6971c6b7, org.springframework.test.context.support.DirtiesContextTestExecutionListener@402d45c6, org.springframework.test.context.transaction.TransactionalTestExecutionListener@4b37b01e, org.springframework.test.context.jdbc.SqlScriptsTestExecutionListener@f53db1a, org.springframework.security.test.context.support.WithSecurityContextTestExecutionListener@6870e039, org.springframework.test.context.event.EventPublishingTestExecutionListener@42599b84, org.springframework.security.test.context.support.ReactorContextTestExecutionListener@34986491, org.springframework.boot.test.mock.mockito.ResetMocksTestExecutionListener@2582e213, org.springframework.boot.test.autoconfigure.restdocs.RestDocsTestExecutionListener@4a1cafb2, org.springframework.boot.test.autoconfigure.web.client.MockRestServiceServerResetTestExecutionListener@441798ce, org.springframework.boot.test.autoconfigure.web.servlet.MockMvcPrintOnlyOnFailureTestExecutionListener@335cd031, org.springframework.boot.test.autoconfigure.web.servlet.WebDriverTestExecutionListener@17c3e33, org.springframework.boot.test.autoconfigure.webservices.client.MockWebServiceServerTestExecutionListener@2eb27091]
2023-11-14 19:04:19.726  INFO 8028 --- [main] .b.t.c.SpringBootTestContextBootstrapper : Neither @ContextConfiguration nor @ContextHierarchy found for test class [api.repository.ClassroomEvaluationRepositoryTests], using SpringBootContextLoader
2023-11-14 19:04:19.727  INFO 8028 --- [main] o.s.t.c.support.AbstractContextLoader    : Could not detect default resource locations for test class [api.repository.ClassroomEvaluationRepositoryTests]: no resource found for suffixes {-context.xml, Context.groovy}.
2023-11-14 19:04:19.727  INFO 8028 --- [main] t.c.s.AnnotationConfigContextLoaderUtils : Could not detect default configuration classes for test class [api.repository.ClassroomEvaluationRepositoryTests]: ClassroomEvaluationRepositoryTests does not declare any static, non-private, non-final, nested classes annotated with @Configuration.
2023-11-14 19:04:19.747  INFO 8028 --- [main] .b.t.c.SpringBootTestContextBootstrapper : Neither @ContextConfiguration nor @ContextHierarchy found for test class [api.service.DisciplineServiceTests], using SpringBootContextLoader
2023-11-14 19:04:19.748  INFO 8028 --- [main] o.s.t.c.support.AbstractContextLoader    : Could not detect default resource locations for test class [api.service.DisciplineServiceTests]: no resource found for suffixes {-context.xml, Context.groovy}.
2023-11-14 19:04:19.749  INFO 8028 --- [main] t.c.s.AnnotationConfigContextLoaderUtils : Could not detect default configuration classes for test class [api.service.DisciplineServiceTests]: DisciplineServiceTests does not declare any static, non-private, non-final, nested classes annotated with @Configuration.
2023-11-14 19:04:19.792  INFO 8028 --- [main] .b.t.c.SpringBootTestContextBootstrapper : Neither @ContextConfiguration nor @ContextHierarchy found for test class [api.service.StudentServiceTests], using SpringBootContextLoader
2023-11-14 19:04:19.794  INFO 8028 --- [main] o.s.t.c.support.AbstractContextLoader    : Could not detect default resource locations for test class [api.service.StudentServiceTests]: no resource found for suffixes {-context.xml, Context.groovy}.
2023-11-14 19:04:19.795  INFO 8028 --- [main] t.c.s.AnnotationConfigContextLoaderUtils : Could not detect default configuration classes for test class [api.service.StudentServiceTests]: StudentServiceTests does not declare any static, non-private, non-final, nested classes annotated with @Configuration.
2023-11-14 19:04:20.098  INFO 8028 --- [main] .b.t.c.SpringBootTestContextBootstrapper : Neither @ContextConfiguration nor @ContextHierarchy found for test class [api.repository.ClassroomRepositoryTests], using SpringBootContextLoader
2023-11-14 19:04:20.101  INFO 8028 --- [main] o.s.t.c.support.AbstractContextLoader    : Could not detect default resource locations for test class [api.repository.ClassroomRepositoryTests]: no resource found for suffixes {-context.xml, Context.groovy}.
2023-11-14 19:04:20.105  INFO 8028 --- [main] t.c.s.AnnotationConfigContextLoaderUtils : Could not detect default configuration classes for test class [api.repository.ClassroomRepositoryTests]: ClassroomRepositoryTests does not declare any static, non-private, non-final, nested classes annotated with @Configuration.
2023-11-14 19:04:20.166  INFO 8028 --- [main] .b.t.c.SpringBootTestContextBootstrapper : Neither @ContextConfiguration nor @ContextHierarchy found for test class [api.repository.StudentRepositoryTests], using SpringBootContextLoader
2023-11-14 19:04:20.167  INFO 8028 --- [main] o.s.t.c.support.AbstractContextLoader    : Could not detect default resource locations for test class [api.repository.StudentRepositoryTests]: no resource found for suffixes {-context.xml, Context.groovy}.
2023-11-14 19:04:20.171  INFO 8028 --- [main] t.c.s.AnnotationConfigContextLoaderUtils : Could not detect default configuration classes for test class [api.repository.StudentRepositoryTests]: StudentRepositoryTests does not declare any static, non-private, non-final, nested classes annotated with @Configuration.
2023-11-14 19:04:20.248  INFO 8028 --- [SpringApplicationShutdownHook] j.LocalContainerEntityManagerFactoryBean : Closing JPA EntityManagerFactory for persistence unit 'default'
2023-11-14 19:04:20.251  INFO 8028 --- [SpringApplicationShutdownHook] com.zaxxer.hikari.HikariDataSource       : HikariPool-1 - Shutdown initiated...
2023-11-14 19:04:20.258  INFO 8028 --- [SpringApplicationShutdownHook] com.zaxxer.hikari.HikariDataSource       : HikariPool-1 - Shutdown completed.
2023-11-14 19:07:17.531  INFO 8616 --- [main] auth.JwtAuthServiceApp                   : Starting JwtAuthServiceApp using Java 17.0.7 on DESKTOP-LU018AM with PID 8616 (C:\Users\joel\Documents\GitHub\spring-boot-jwt\target\classes started by joel in C:\Users\joel\Documents\GitHub\spring-boot-jwt)
2023-11-14 19:07:17.536  INFO 8616 --- [main] auth.JwtAuthServiceApp                   : No active profile set, falling back to default profiles: default
2023-11-14 19:07:18.628  INFO 8616 --- [main] .s.d.r.c.RepositoryConfigurationDelegate : Bootstrapping Spring Data JPA repositories in DEFAULT mode.
2023-11-14 19:07:18.693  INFO 8616 --- [main] .s.d.r.c.RepositoryConfigurationDelegate : Finished Spring Data repository scanning in 55 ms. Found 1 JPA repository interfaces.
2023-11-14 19:07:19.082  INFO 8616 --- [main] trationDelegate$BeanPostProcessorChecker : Bean 'org.springframework.security.access.expression.method.DefaultMethodSecurityExpressionHandler@345d053b' of type [org.springframework.security.access.expression.method.DefaultMethodSecurityExpressionHandler] is not eligible for getting processed by all BeanPostProcessors (for example: not eligible for auto-proxying)
2023-11-14 19:07:19.090  INFO 8616 --- [main] trationDelegate$BeanPostProcessorChecker : Bean 'methodSecurityMetadataSource' of type [org.springframework.security.access.method.DelegatingMethodSecurityMetadataSource] is not eligible for getting processed by all BeanPostProcessors (for example: not eligible for auto-proxying)
2023-11-14 19:07:19.473  INFO 8616 --- [main] o.s.b.w.embedded.tomcat.TomcatWebServer  : Tomcat initialized with port(s): 8082 (http)
2023-11-14 19:07:19.489  INFO 8616 --- [main] o.apache.catalina.core.StandardService   : Starting service [Tomcat]
2023-11-14 19:07:19.490  INFO 8616 --- [main] org.apache.catalina.core.StandardEngine  : Starting Servlet engine: [Apache Tomcat/9.0.52]
2023-11-14 19:07:19.632  INFO 8616 --- [main] o.a.c.c.C.[Tomcat].[localhost].[/]       : Initializing Spring embedded WebApplicationContext
2023-11-14 19:07:19.632  INFO 8616 --- [main] w.s.c.ServletWebServerApplicationContext : Root WebApplicationContext: initialization completed in 2023 ms
2023-11-14 19:07:19.675  INFO 8616 --- [main] com.zaxxer.hikari.HikariDataSource       : HikariPool-1 - Starting...
2023-11-14 19:07:19.864  INFO 8616 --- [main] com.zaxxer.hikari.HikariDataSource       : HikariPool-1 - Start completed.
2023-11-14 19:07:19.871  INFO 8616 --- [main] o.s.b.a.h2.H2ConsoleAutoConfiguration    : H2 console available at '/h2-console'. Database available at 'jdbc:h2:mem:spring_class_db'
2023-11-14 19:07:20.014  INFO 8616 --- [main] o.hibernate.jpa.internal.util.LogHelper  : HHH000204: Processing PersistenceUnitInfo [name: default]
2023-11-14 19:07:20.072  INFO 8616 --- [main] org.hibernate.Version                    : HHH000412: Hibernate ORM core version 5.4.32.Final
2023-11-14 19:07:20.218  INFO 8616 --- [main] o.hibernate.annotations.common.Version   : HCANN000001: Hibernate Commons Annotations {5.1.2.Final}
2023-11-14 19:07:20.350  INFO 8616 --- [main] org.hibernate.dialect.Dialect            : HHH000400: Using dialect: org.hibernate.dialect.H2Dialect
2023-11-14 19:07:21.070  INFO 8616 --- [main] o.h.e.t.j.p.i.JtaPlatformInitiator       : HHH000490: Using JtaPlatform implementation: [org.hibernate.engine.transaction.jta.platform.internal.NoJtaPlatform]
2023-11-14 19:07:21.080  INFO 8616 --- [main] j.LocalContainerEntityManagerFactoryBean : Initialized JPA EntityManagerFactory for persistence unit 'default'
2023-11-14 19:07:21.937  INFO 8616 --- [main] pertySourcedRequestMappingHandlerMapping : Mapped URL path [/v2/api-docs] onto method [springfox.documentation.swagger2.web.Swagger2Controller#getDocumentation(String, HttpServletRequest)]
2023-11-14 19:07:22.138  INFO 8616 --- [main] o.s.s.web.DefaultSecurityFilterChain     : Will secure any request with [org.springframework.security.web.context.request.async.WebAsyncManagerIntegrationFilter@43414b88, org.springframework.security.web.context.SecurityContextPersistenceFilter@4f5df012, org.springframework.security.web.header.HeaderWriterFilter@139b3a29, org.springframework.web.filter.CorsFilter@52a605c3, org.springframework.security.web.authentication.logout.LogoutFilter@30a1b2ad, auth.security.JwtTokenFilter@13fad0c7, org.springframework.security.web.savedrequest.RequestCacheAwareFilter@574e4184, org.springframework.security.web.servletapi.SecurityContextHolderAwareRequestFilter@70ab1ce0, org.springframework.security.web.authentication.AnonymousAuthenticationFilter@24fb8317, org.springframework.security.web.session.SessionManagementFilter@3ad9fea, org.springframework.security.web.access.ExceptionTranslationFilter@43c20142, org.springframework.security.web.access.intercept.FilterSecurityInterceptor@432b883]
2023-11-14 19:07:22.411  INFO 8616 --- [main] o.s.b.w.embedded.tomcat.TomcatWebServer  : Tomcat started on port(s): 8082 (http) with context path ''
2023-11-14 19:07:22.413  INFO 8616 --- [main] d.s.w.p.DocumentationPluginsBootstrapper : Context refreshed
2023-11-14 19:07:22.434  INFO 8616 --- [main] d.s.w.p.DocumentationPluginsBootstrapper : Found 1 custom documentation plugin(s)
2023-11-14 19:07:22.462  INFO 8616 --- [main] s.d.s.w.s.ApiListingReferenceScanner     : Scanning for api listing references
2023-11-14 19:07:22.611  INFO 8616 --- [main] auth.JwtAuthServiceApp                   : Started JwtAuthServiceApp in 5.554 seconds (JVM running for 6.036)
